IQ-TREE multicore version 2.3.6 for MacOS ARM 64-bit built Jul 30 2024
Developed by Bui Quang Minh, Nguyen Lam Tung, Olga Chernomor, Heiko Schmidt,
Dominik Schrempf, Michael Woodhams, Ly Trong Nhan, Thomas Wong

Host:    gamera.eemb.ucsb.edu (SSE4.2, 32 GB RAM)
Command: iqtree2 -s all_bivalve_opsins_renamed_aligned.fa -st AA -m LG+G4 -nt AUTO -pre bivalve_opsins_cleaned -redo
Seed:    945309 (Using SPRNG - Scalable Parallel Random Number Generator)
Time:    Fri Dec 12 17:12:33 2025
Kernel:  SSE2 - auto-detect threads (10 CPU cores detected)

Reading alignment file all_bivalve_opsins_renamed_aligned.fa ... Fasta format detected
Reading fasta file: done in 0.000234127 secs using 75.17% CPU
Alignment most likely contains protein sequences
Alignment has 14 sequences with 1137 columns, 807 distinct patterns
436 parsimony-informative, 267 singleton sites, 434 constant sites
                                        Gap/Ambiguity  Composition  p-value
Analyzing sequences: done in 5.29289e-05 secs using 77.46% CPU
   1  Bpl_Bpl_scaf_38266-2_5                   49.78%    passed     10.21%
   2  Bpl_Bpl_scaf_38266-1_1                   29.11%    passed     94.04%
   3  Mph_Mph_scaf_44449-0_0                   57.26%    failed      0.50%
   4  Mph_Mph_scaf_62139-0_4                   56.55%    passed     45.35%
   5  Mph_Mph_scaf_22824-0_28                  57.08%    passed     97.91%
   6  Argopecten_irradians_XP_069134776_1      56.20%    passed     97.63%
   7  Argopecten_irradians_XP_069134775_1      56.20%    passed     97.63%
   8  Saccostrea_cuccullata_XP_062568460_1     64.64%    failed      1.18%
   9  Ylistrum_balloti_XP_060072051_1          63.24%    passed     72.68%
  10  Ostrea_edulis_XP_056022124_1             68.25%    passed     99.29%
  11  Ostrea_edulis_XP_048755536_2             61.21%    passed     14.08%
  12  Magallana_angulata_XP_052701448_1        68.78%    passed     11.93%
  13  Magallana_angulata_XP_052700036_1        69.83%    passed     39.53%
  14  Mizuhopecten_yessoensis_XP_021360283_1   67.11%    passed     29.32%
WARNING: 12 sequences contain more than 50% gaps/ambiguity
****  TOTAL                                    58.95%  2 sequences failed composition chi2 test (p-value<5%; df=19)
NOTE: Argopecten_irradians_XP_069134775_1 is identical to Argopecten_irradians_XP_069134776_1 but kept for subsequent analysis

Create initial parsimony tree by phylogenetic likelihood library (PLL)... 0.002 seconds

NOTE: 7 MB RAM (0 GB) is required!
Measuring multi-threading efficiency up to 10 CPU cores
Increase to 10 rounds for branch lengths
21 trees examined
Threads: 1 / Time: 10.218 sec / Speedup: 1.000 / Efficiency: 100% / LogL: -15497
Threads: 2 / Time: 6.841 sec / Speedup: 1.494 / Efficiency: 75% / LogL: -15497
Threads: 3 / Time: 4.903 sec / Speedup: 2.084 / Efficiency: 69% / LogL: -15497
Threads: 4 / Time: 3.956 sec / Speedup: 2.583 / Efficiency: 65% / LogL: -15497
Threads: 5 / Time: 3.517 sec / Speedup: 2.905 / Efficiency: 58% / LogL: -15497
Threads: 6 / Time: 3.391 sec / Speedup: 3.013 / Efficiency: 50% / LogL: -15497
Threads: 7 / Time: 3.323 sec / Speedup: 3.075 / Efficiency: 44% / LogL: -15497
BEST NUMBER OF THREADS: 5

Estimate model parameters (epsilon = 0.100)
1. Initial log-likelihood: -15263.503
2. Current log-likelihood: -13932.750
3. Current log-likelihood: -13923.206
4. Current log-likelihood: -13922.501
5. Current log-likelihood: -13922.338
Optimal log-likelihood: -13922.302
Gamma shape alpha: 2.605
Parameters optimization took 5 rounds (0.432 sec)
Wrote distance file to... 
Computing ML distances based on estimated model parameters...
Calculating distance matrix: done in 0.0154641 secs using 430.5% CPU
Computing ML distances took 0.015599 sec (of wall-clock time) 0.066646 sec (of CPU time)
Setting up auxiliary I and S matrices: done in 7.31945e-05 secs using 72.41% CPU
Computing RapidNJ tree took 0.000750 sec (of wall-clock time) 0.000306 sec (of CPU time)
Log-likelihood of RapidNJ tree: -13914.674
--------------------------------------------------------------------
|             INITIALIZING CANDIDATE TREE SET                      |
--------------------------------------------------------------------
Generating 98 parsimony trees... 0.134 second
Computing log-likelihood of 98 initial trees ... 2.161 seconds
Current best score: -13914.674

Do NNI search on 20 best initial trees
Estimate model parameters (epsilon = 0.100)
BETTER TREE FOUND at iteration 1: -13910.356
Iteration 10 / LogL: -13914.538 / Time: 0h:0m:42s
Estimate model parameters (epsilon = 0.100)
BETTER TREE FOUND at iteration 12: -13910.123
Iteration 20 / LogL: -13910.815 / Time: 0h:0m:45s
Finish initializing candidate tree set (6)
Current best tree score: -13910.123 / CPU time: 9.078
Number of iterations: 20
--------------------------------------------------------------------
|               OPTIMIZING CANDIDATE TREE SET                      |
--------------------------------------------------------------------
Iteration 30 / LogL: -13910.696 / Time: 0h:0m:49s (0h:2m:18s left)
Iteration 40 / LogL: -13914.481 / Time: 0h:0m:52s (0h:1m:37s left)
Iteration 50 / LogL: -13910.384 / Time: 0h:0m:56s (0h:1m:11s left)
Iteration 60 / LogL: -13910.738 / Time: 0h:1m:0s (0h:0m:52s left)
Iteration 70 / LogL: -13910.390 / Time: 0h:1m:3s (0h:0m:38s left)
Iteration 80 / LogL: -13910.637 / Time: 0h:1m:6s (0h:0m:27s left)
Iteration 90 / LogL: -13910.419 / Time: 0h:1m:10s (0h:0m:17s left)
Iteration 100 / LogL: -13910.416 / Time: 0h:1m:13s (0h:0m:8s left)
Iteration 110 / LogL: -13910.640 / Time: 0h:1m:16s (0h:0m:1s left)
TREE SEARCH COMPLETED AFTER 113 ITERATIONS / Time: 0h:1m:17s

--------------------------------------------------------------------
|                    FINALIZING TREE SEARCH                        |
--------------------------------------------------------------------
Performs final model parameters optimization
Estimate model parameters (epsilon = 0.010)
1. Initial log-likelihood: -13910.123
Optimal log-likelihood: -13910.122
Gamma shape alpha: 2.583
Parameters optimization took 1 rounds (0.048 sec)
BEST SCORE FOUND : -13910.122
Total tree length: 18.027

Total number of iterations: 113
CPU time used for tree search: 121.426 sec (0h:2m:1s)
Wall-clock time used for tree search: 41.054 sec (0h:0m:41s)
Total CPU time used: 198.124 sec (0h:3m:18s)
Total wall-clock time used: 77.801 sec (0h:1m:17s)

Analysis results written to: 
  IQ-TREE report:                bivalve_opsins_cleaned.iqtree
  Maximum-likelihood tree:       bivalve_opsins_cleaned.treefile
  Likelihood distances:          bivalve_opsins_cleaned.mldist
  Screen log file:               bivalve_opsins_cleaned.log

Date and Time: Fri Dec 12 17:13:51 2025
