IQ-TREE multicore version 2.1.2 COVID-edition for Linux 64-bit built Oct 22 2020
Developed by Bui Quang Minh, James Barbetti, Nguyen Lam Tung,
Olga Chernomor, Heiko Schmidt, Dominik Schrempf, Michael Woodhams.

Host:    osiris (AVX, 62 GB RAM)
Command: iqtree2 -s all_bivalve_opsins_aligned.fa -st AA -m LG+G4 -nt AUTO -pre bivalve_opsins_LG
Seed:    349681 (Using SPRNG - Scalable Parallel Random Number Generator)
Time:    Thu Dec 11 09:35:00 2025
Kernel:  AVX - auto-detect threads (16 CPU cores detected)

Reading alignment file all_bivalve_opsins_aligned.fa ... Fasta format detected
Alignment most likely contains protein sequences
Alignment has 12 sequences with 1177 columns, 750 distinct patterns
401 parsimony-informative, 256 singleton sites, 520 constant sites
                    Gap/Ambiguity  Composition  p-value
   1  XP_052069431.1       49.53%    failed      1.68%
   2  Bpl_scaf_38266-2.5   51.49%    passed      8.69%
   3  Bpl_scaf_38266-1.1   31.52%    passed     90.82%
   4  XP_069134776.1       57.69%    passed     99.06%
   5  XP_069134775.1       57.69%    passed     99.06%
   6  XP_062568460.1       65.85%    failed      1.09%
   7  XP_060072051.1       64.49%    passed     79.59%
   8  XP_056022124.1       69.33%    passed     98.74%
   9  XP_048755536.2       62.53%    passed     15.88%
  10  XP_052701448.1       69.84%    passed     12.57%
  11  XP_052700036.1       70.86%    passed     44.70%
  12  XP_021360283.1       68.22%    passed     32.12%
WARNING: 10 sequences contain more than 50% gaps/ambiguity
****  TOTAL                59.92%  2 sequences failed composition chi2 test (p-value<5%; df=19)
NOTE: XP_069134775.1 is identical to XP_069134776.1 but kept for subsequent analysis

Create initial parsimony tree by phylogenetic likelihood library (PLL)... 0.004 seconds

NOTE: 5 MB RAM (0 GB) is required!
Measuring multi-threading efficiency up to 16 CPU cores
Increase to 10 rounds for branch lengths
94 trees examined
Threads: 1 / Time: 16.140 sec / Speedup: 1.000 / Efficiency: 100% / LogL: -12884
Threads: 2 / Time: 8.429 sec / Speedup: 1.915 / Efficiency: 96% / LogL: -12884
Threads: 3 / Time: 6.319 sec / Speedup: 2.554 / Efficiency: 85% / LogL: -12884
Threads: 4 / Time: 5.301 sec / Speedup: 3.045 / Efficiency: 76% / LogL: -12884
Threads: 5 / Time: 4.599 sec / Speedup: 3.509 / Efficiency: 70% / LogL: -12884
Threads: 6 / Time: 5.818 sec / Speedup: 2.774 / Efficiency: 46% / LogL: -12884
BEST NUMBER OF THREADS: 5

Estimate model parameters (epsilon = 0.100)
1. Initial log-likelihood: -13949.110
2. Current log-likelihood: -12684.777
3. Current log-likelihood: -12672.627
4. Current log-likelihood: -12670.732
5. Current log-likelihood: -12670.254
6. Current log-likelihood: -12670.149
Optimal log-likelihood: -12670.106
Gamma shape alpha: 3.054
Parameters optimization took 6 rounds (0.275 sec)
Computing ML distances based on estimated model parameters...
Computing ML distances took 0.006365 sec (of wall-clock time) 0.031685 sec(of CPU time)
Computing RapidNJ tree took 0.000175 sec (of wall-clock time) 0.000338 sec (of CPU time)
Log-likelihood of RapidNJ tree: -12679.096
--------------------------------------------------------------------
|             INITIALIZING CANDIDATE TREE SET                      |
--------------------------------------------------------------------
Generating 98 parsimony trees... 0.165 second
Computing log-likelihood of 91 initial trees ... 0.522 seconds
Current best score: -12670.106

Do NNI search on 20 best initial trees
Estimate model parameters (epsilon = 0.100)
BETTER TREE FOUND at iteration 1: -12667.821
Iteration 10 / LogL: -12667.845 / Time: 0h:0m:48s
Iteration 20 / LogL: -12667.871 / Time: 0h:0m:49s
Finish initializing candidate tree set (1)
Current best tree score: -12667.821 / CPU time: 2.150
Number of iterations: 20
--------------------------------------------------------------------
|               OPTIMIZING CANDIDATE TREE SET                      |
--------------------------------------------------------------------
Iteration 30 / LogL: -12669.190 / Time: 0h:0m:49s (0h:2m:1s left)
Iteration 40 / LogL: -12667.937 / Time: 0h:0m:50s (0h:1m:18s left)
Iteration 50 / LogL: -12668.121 / Time: 0h:0m:51s (0h:0m:53s left)
Iteration 60 / LogL: -12678.399 / Time: 0h:0m:51s (0h:0m:36s left)
Iteration 70 / LogL: -12667.845 / Time: 0h:0m:52s (0h:0m:23s left)
Iteration 80 / LogL: -12667.878 / Time: 0h:0m:53s (0h:0m:14s left)
Iteration 90 / LogL: -12667.866 / Time: 0h:0m:54s (0h:0m:6s left)
Iteration 100 / LogL: -12673.658 / Time: 0h:0m:55s (0h:0m:0s left)
TREE SEARCH COMPLETED AFTER 102 ITERATIONS / Time: 0h:0m:55s

--------------------------------------------------------------------
|                    FINALIZING TREE SEARCH                        |
--------------------------------------------------------------------
Performs final model parameters optimization
Estimate model parameters (epsilon = 0.010)
1. Initial log-likelihood: -12667.821
Optimal log-likelihood: -12667.820
Gamma shape alpha: 3.063
Parameters optimization took 1 rounds (0.014 sec)
BEST SCORE FOUND : -12667.820
Total tree length: 16.097

Total number of iterations: 102
CPU time used for tree search: 41.890 sec (0h:0m:41s)
Wall-clock time used for tree search: 8.427 sec (0h:0m:8s)
Total CPU time used: 175.830 sec (0h:2m:55s)
Total wall-clock time used: 55.418 sec (0h:0m:55s)

Analysis results written to: 
  IQ-TREE report:                bivalve_opsins_LG.iqtree
  Maximum-likelihood tree:       bivalve_opsins_LG.treefile
  Likelihood distances:          bivalve_opsins_LG.mldist
  Screen log file:               bivalve_opsins_LG.log

Date and Time: Thu Dec 11 09:35:55 2025
